         w __deregister_frame_info
         w __fini_wut_socket
         w __init_wut_socket
         w __register_frame_info
02000000 T __rpx_start
02000038 t init_wut
02000060 T __init
02000084 0000002c T abort
020000b0 0000003c T exit
020000ec 000008bc T main
02000a58 0000000c t register_fini
02000a64 t __do_global_dtors_aux
02000b30 t frame_dummy
02000b54 000000c0 T validate_password
02000c14 00000020 T reset_input
02000c34 00000048 W __init_wut
02000c7c 00000038 W __fini_wut
02000cb4 00000028 W __preinit_user
02000cdc 0000000c T __wut_malloc_lock
02000cf8 0000000c T __wut_malloc_unlock
02000d14 0000000c T __init_wut_malloc_lock
02000d30 00000034 T __wut__abort
02000d84 00000148 T __wut__assert_func
02000efc 00000004 T _sbrk_r
02000f00 00000004 T __syscall_lock_acquire
02000f04 00000004 T __syscall_lock_release
02000f08 00000008 T __syscall_lock_init_recursive
02000f10 00000004 T __syscall_malloc_lock
02000f14 00000004 T __syscall_malloc_unlock
02000f18 00000004 T __syscall_getreent
02000f1c 0000003c T __syscall_exit
02000f58 00000010 T __syscall_abort
02000f68 00000010 T __syscall_assert_func
02000f78 00000014 T __init_wut_newlib
02000f8c 00000004 T __fini_wut_newlib
02000f90 000000ac t __wut_thread_cleanup
0200103c 0000010c T __wut_getreent
02001168 000000c4 T __wut_sbrk_r
0200123c 00000070 T __init_wut_sbrk_heap
020012cc 00000078 T __fini_wut_sbrk_heap
02001354 00000008 W wut_set_thread_specific
0200136c 00000008 W wut_get_thread_specific
02001384 00000004 T __wut_alloc_from_defaultheap
02001388 00000010 T __wut_alloc_from_defaultheap_ex
02001398 00000004 T __wut_free_to_defaultheap
0200139c 00000034 T __init_wut_defaultheap
020013d0 00000004 T __init_wut_stdcpp
020013d4 00000004 T __fini_wut_stdcpp
020013d8 000001bc T __init_wut_devoptab
020015e4 0000008c T __fini_wut_devoptab
02001690 000000a0 T __wut_fsa_dirclose
02001760 000001ac T __wut_fsa_dirnext
0200193c 0000017c T __wut_fsa_diropen
02001af8 000000a0 T __wut_fsa_dirreset
02001bc8 000000d4 T __wut_fsa_fstat
02001ccc 0000009c T __wut_fsa_fsync
02001d98 000000e0 T __wut_fsa_mkdir
02001e88 000004cc T __wut_fsa_open
020023c4 000001bc T __wut_fsa_read
020025b0 00000114 T __wut_fsa_rename
020026d4 000000c4 T __wut_fsa_rmdir
020027a8 00000188 T __wut_fsa_seek
02002970 00000118 T __wut_fsa_stat
02002a98 00000168 T __wut_fsa_statvfs
02002c10 000000c8 T __wut_fsa_ftruncate
02002d18 000000c4 T __wut_fsa_unlink
02002dec 00000040 T __wut_fsa_hashstring
02002e2c 00000368 T __wut_fsa_fixpath
02003194 0000007c T __wut_fsa_translate_stat_mode
02003210 00000144 T __wut_fsa_translate_stat
02003354 00000028 T __wut_fsa_translate_error
0200337c 000001d4 T __wut_fsa_write
02003580 000000cc T __wut_lock_init
0200366c 00000054 T __wut_lock_acquire
020036d0 00000054 T __wut_lock_release
02003734 0000011c T __wut_fsa_chdir
02003860 000000e0 T __wut_fsa_chmod
02003950 0000009c T __wut_fsa_close
02003a1c 00000428 T __divdi3
02003e44 000003cc T __udivdi3
02004210 00000048 T __eabi
02004258 000001b8 T chdir
02004410 0000027c T _concatenate_path
0200468c 00000020 T __getreent
020046ac 00000008 t null_write
020046b4 00000018 T setDefaultDevice
020046cc 00000150 T FindDevice
0200481c 00000044 T RemoveDevice
02004860 00000120 T AddDevice
02004980 00000028 T _exit
020049a8 00000104 T strncpy
02004aac 0000009c T strcmp
02004b48 00000180 T memset
02004cc8 00000030 T strdup
02004cf8 00000154 T strchr
02004e4c 00000148 T memcpy
02004f94 000000c8 T strncmp
0200505c 0000010c T _reclaim_reent
02005168 000000f8 T _calloc_r
02005260 00000080 T strlen
020052e0 00000070 T _strdup_r
02005350 0000090c T _malloc_r
02005c5c 00000138 T _malloc_trim_r
02005d94 0000032c T _free_r
020060c0 000000d0 T sprintf
02006190 00000078 T strrchr
02006208 00000020 T __errno
02006228 00000058 T malloc
02006280 00000030 T free
020062b0 00000130 T snprintf
020063e0 000000c0 T strnlen
020064a0 00000040 T memalign
020064e0 000023bc T _svfprintf_r
0200889c 00000104 T _wcrtomb_r
020089a0 000001dc T _memalign_r
02008b7c 00000340 t quorem
02008ebc 00001704 T _dtoa_r
0200a5c0 00000200 T __call_exitprocs
0200a7c0 00000148 T memchr
0200a908 00000014 T atexit
0200a91c 0000010c T __ssprint_r
0200aa28 00000090 T frexp
0200aab8 000000f4 T _Balloc
0200abac 00000024 T _Bfree
0200abd0 00000174 T __multadd
0200ad44 00000098 T __hi0bits
0200addc 0000010c T __lo0bits
0200aee8 00000108 T __i2b
0200aff0 00000338 T __multiply
0200b328 0000019c T __pow5mult
0200b4c4 0000026c T __lshift
0200b730 000000dc T __mcmp
0200b80c 00000314 T __mdiff
0200bb20 00000194 T __d2b
0200bcb4 0000004c T _localeconv_r
0200bd00 0000004c T __locale_mb_cur_max
0200bd4c 00000010 T _wcsrtombs_r
0200bd5c 00000604 T __utf8_mbtowc
0200c360 00000194 T __ssputs_r
0200c4f4 000001e4 T _wcsnrtombs_l
0200c6d8 000000d8 T _wcsnrtombs_r
0200c7b0 00000108 T __utf8_wctomb
0200c8b8 0000012c T __register_exitproc
0200c9e4 00000634 T _realloc_r
0200d018 000001b8 T memmove
0200d1d0 00000024 T __assert_func
0200d1f4 00000014 T __libc_lock_acquire
0200d208 00000014 T __libc_lock_release
0200d21c 00000014 T __libc_lock_init_recursive
0200d230 00000014 T __malloc_lock
0200d244 00000014 T __malloc_unlock
0200d258 00000384 T __umoddi3
0200d5dc 00000058 T _restgpr_14_x
0200d5e0 00000054 T _restgpr_15_x
0200d5e4 00000050 T _restgpr_16_x
0200d5e8 0000004c T _restgpr_17_x
0200d5ec 00000048 T _restgpr_18_x
0200d5f0 00000044 T _restgpr_19_x
0200d5f4 00000040 T _restgpr_20_x
0200d5f8 0000003c T _restgpr_21_x
0200d5fc 00000038 T _restgpr_22_x
0200d600 00000034 T _restgpr_23_x
0200d604 00000030 T _restgpr_24_x
0200d608 0000002c T _restgpr_25_x
0200d60c 00000028 T _restgpr_26_x
0200d610 00000024 T _restgpr_27_x
0200d614 00000020 T _restgpr_28_x
0200d618 0000001c T _restgpr_29_x
0200d61c 00000018 T _restgpr_30_x
0200d620 00000014 T _restgpr_31_x
0200d634 t __do_global_ctors_aux
0200d684 T __fini
10000000 D __SBSS2_END__
10000000 D __SDATA2_START__
10000208 d .LC2
100002e0 00000080 d __wut_fsa_devoptab
10000360 00000042 d CSWTCH.24
100003a4 00000080 D dotab_stdnull
10000424 00000101 D _ctype_
100006cc 00000010 d zeroes.0
100006dc 00000010 d blanks.1
10000740 0000000c d p05.0
10000750 00000028 D __mprec_bigtens
10000778 000000c8 D __mprec_tens
10000840 d __CTOR_LIST__
10000848 d __CTOR_END__
10000848 D __CTOR_END__
10000848 D __CTOR_LIST__
1000084c d __DTOR_LIST__
10000850 D __DTOR_END__
10000850 D __DTOR_LIST__
10000870 d __EH_FRAME_BEGIN__
10000870 D __EH_FRAME_BEGIN__
100025d4 D __EH_FRAME_END__
100025d4 d __FRAME_END__
100025d8 00000024 D password
10002600 00000400 d _current_working_directory
10002a00 0000008c D devoptab_list
10002a8c 00000004 d defaultDevice
10002a90 00000140 D _impure_data
10002bd0 00000408 D __malloc_av_
10002fd8 0000016c D __global_locale
10003144 00000004 D password_len
10003144 D __SDATA_START__
10003148 00000004 D _impure_ptr
1000314c 00000004 D __malloc_sbrk_base
10003150 00000004 D __malloc_trim_threshold
10003160 00000004 B input_index
10003164 00000004 B __wut_exit
10003168 00000004 B __stdio_exit_handler
1000316c 00000004 B __malloc_max_total_mem
10003170 00000004 B __malloc_max_sbrked_mem
10003174 00000004 B __malloc_top_pad
10003178 00000004 B __atexit
1000317c 00000004 B __atexit_recursive_mutex
10003180 b completed.2
10003180 B __SBSS_END__
10003184 b dtor_idx.1
10003188 b object.0
100031a0 00000030 B input_sequence
100031d0 00000010 b sMallocSpinLock
100031e0 00000004 b sHeapSize
100031e4 00000004 b sHeapMaxSize
100031e8 00000004 b sHeapBase
100031ec 00000004 b sHeapHandle
100031f0 000003b8 B __wut_fsa_device_data
100035a8 00000004 b sLibcLockUsedMask
100035ac 000002c0 b sLibcLocks
1000386c 00000400 b temp_cwd
10003c70 00000150 B __sf
10003dc0 00000028 B __malloc_current_mallinfo
10003de8 00000190 B __atexit0
10008000 d _SDA2_BASE_
1000b144 d _SDA_BASE_
c0000058 T FSAAddClient
c0000060 T FSAChangeDir
c0000068 T FSAChangeMode
c0000070 T FSACloseDir
c0000078 T FSACloseFile
c0000080 T FSADelClient
c0000088 T FSAFlushFile
c0000090 T FSAGetDeviceInfo
c0000098 T FSAGetFreeSpaceSize
c00000a0 T FSAGetStat
c00000a8 T FSAGetStatFile
c00000b0 T FSAInit
c00000b8 T FSAMakeDir
c00000c0 T FSAMount
c00000c8 T FSAOpenDir
c00000d0 T FSAOpenFileEx
c00000d8 T FSAReadDir
c00000e0 T FSAReadFile
c00000e8 T FSARemove
c00000f0 T FSARename
c00000f8 T FSARewindDir
c0000100 T FSASetPosFile
c0000108 T FSATruncateFile
c0000110 T FSAUnmount
c0000118 T FSAWriteFile
c0000120 T MEMAllocFromExpHeapEx
c0000128 T MEMFreeToExpHeap
c0000130 T MEMGetAllocatableSizeForExpHeapEx
c0000138 T OSCompareAndSwapAtomicEx
c0000140 T OSFatal
c0000148 T OSGetCurrentThread
c0000150 T OSGetSystemInfo
c0000158 T OSGetThreadSpecific
c0000160 T OSInitMutex
c0000168 T OSInitMutexEx
c0000170 T OSInitSpinLock
c0000178 T OSIsDebuggerInitialized
c0000180 T OSIsDebuggerPresent
c0000188 T OSLockMutex
c0000190 T OSScreenClearBufferEx
c0000198 T OSScreenEnableEx
c00001a0 T OSScreenFlipBuffersEx
c00001a8 T OSScreenGetBufferSizeEx
c00001b0 T OSScreenInit
c00001b8 T OSScreenPutFontEx
c00001c0 T OSScreenSetBufferEx
c00001c8 T OSSetThreadCleanupCallback
c00001d0 T OSSetThreadSpecific
c00001d8 T OSSleepTicks
c00001e0 T OSUninterruptibleSpinLock_Acquire
c00001e8 T OSUninterruptibleSpinLock_Release
c00001f0 T OSUnlockMutex
c00001f8 T __os_snprintf
c0000200 T __rplwrap_exit
c0000220 T VPADInit
c0000228 T VPADRead
c0000248 R MEMAllocFromDefaultHeap
c0000250 R MEMAllocFromDefaultHeapEx
c0000258 R MEMFreeToDefaultHeap
