         w __deregister_frame_info
         w __fini_wut_socket
         w __init_wut_socket
         w __register_frame_info
02000000 T __rpx_start
02000038 t init_wut
02000060 T __init
02000084 0000002c T abort
020000b0 0000003c T exit
020000ec 000005e4 T main
02000780 0000000c t register_fini
0200078c t __do_global_dtors_aux
02000858 t frame_dummy
0200087c 00000020 T reset_input
0200089c 000001ac T continue_boot
02000ae8 00000048 W __init_wut
02000b30 00000038 W __fini_wut
02000b68 00000028 W __preinit_user
02000b90 0000000c T __wut_malloc_lock
02000bac 0000000c T __wut_malloc_unlock
02000bc8 0000000c T __init_wut_malloc_lock
02000be4 00000034 T __wut__abort
02000c38 00000148 T __wut__assert_func
02000db0 00000004 T _sbrk_r
02000db4 00000004 T __syscall_lock_acquire
02000db8 00000004 T __syscall_lock_release
02000dbc 00000008 T __syscall_lock_init_recursive
02000dc4 00000004 T __syscall_malloc_lock
02000dc8 00000004 T __syscall_malloc_unlock
02000dcc 00000004 T __syscall_getreent
02000dd0 0000003c T __syscall_exit
02000e0c 00000010 T __syscall_abort
02000e1c 00000010 T __syscall_assert_func
02000e2c 00000014 T __init_wut_newlib
02000e40 00000004 T __fini_wut_newlib
02000e44 000000ac t __wut_thread_cleanup
02000ef0 0000010c T __wut_getreent
0200101c 000000c4 T __wut_sbrk_r
020010f0 00000070 T __init_wut_sbrk_heap
02001180 00000078 T __fini_wut_sbrk_heap
02001208 00000008 W wut_set_thread_specific
02001220 00000008 W wut_get_thread_specific
02001238 00000004 T __wut_alloc_from_defaultheap
0200123c 00000010 T __wut_alloc_from_defaultheap_ex
0200124c 00000004 T __wut_free_to_defaultheap
02001250 00000034 T __init_wut_defaultheap
02001284 00000004 T __init_wut_stdcpp
02001288 00000004 T __fini_wut_stdcpp
0200128c 000001bc T __init_wut_devoptab
02001498 0000008c T __fini_wut_devoptab
02001544 000000a0 T __wut_fsa_dirclose
02001614 000001ac T __wut_fsa_dirnext
020017f0 0000017c T __wut_fsa_diropen
020019ac 000000a0 T __wut_fsa_dirreset
02001a7c 000000d4 T __wut_fsa_fstat
02001b80 0000009c T __wut_fsa_fsync
02001c4c 000000e0 T __wut_fsa_mkdir
02001d3c 000004cc T __wut_fsa_open
02002278 000001bc T __wut_fsa_read
02002464 00000114 T __wut_fsa_rename
02002588 000000c4 T __wut_fsa_rmdir
0200265c 00000188 T __wut_fsa_seek
02002824 00000118 T __wut_fsa_stat
0200294c 00000168 T __wut_fsa_statvfs
02002ac4 000000c8 T __wut_fsa_ftruncate
02002bcc 000000c4 T __wut_fsa_unlink
02002ca0 00000040 T __wut_fsa_hashstring
02002ce0 00000368 T __wut_fsa_fixpath
02003048 0000007c T __wut_fsa_translate_stat_mode
020030c4 00000144 T __wut_fsa_translate_stat
02003208 00000028 T __wut_fsa_translate_error
02003230 000001d4 T __wut_fsa_write
02003434 000000cc T __wut_lock_init
02003520 00000054 T __wut_lock_acquire
02003584 00000054 T __wut_lock_release
020035e8 0000011c T __wut_fsa_chdir
02003714 000000e0 T __wut_fsa_chmod
02003804 0000009c T __wut_fsa_close
020038d0 00000428 T __divdi3
02003cf8 000003cc T __udivdi3
020040c4 00000048 T __eabi
0200410c 000001b8 T chdir
020042c4 0000027c T _concatenate_path
02004540 00000020 T __getreent
02004560 00000008 t null_write
02004568 00000018 T setDefaultDevice
02004580 00000150 T FindDevice
020046d0 00000044 T RemoveDevice
02004714 00000120 T AddDevice
02004834 00000028 T _exit
0200485c 00000104 T strncpy
02004960 0000009c T strcmp
020049fc 00000180 T memset
02004b7c 00000030 T strdup
02004bac 00000154 T strchr
02004d00 00000148 T memcpy
02004e48 000000c8 T strncmp
02004f10 0000010c T _reclaim_reent
0200501c 000000f8 T _calloc_r
02005114 00000080 T strlen
02005194 00000070 T _strdup_r
02005204 0000090c T _malloc_r
02005b10 00000138 T _malloc_trim_r
02005c48 0000032c T _free_r
02005f74 000000d0 T sprintf
02006044 00000078 T strrchr
020060bc 00000020 T __errno
020060dc 00000058 T malloc
02006134 00000030 T free
02006164 00000130 T snprintf
02006294 000000c0 T strnlen
02006354 00000040 T memalign
02006394 000023bc T _svfprintf_r
02008750 00000104 T _wcrtomb_r
02008854 000001dc T _memalign_r
02008a30 00000340 t quorem
02008d70 00001704 T _dtoa_r
0200a474 00000200 T __call_exitprocs
0200a674 00000148 T memchr
0200a7bc 00000014 T atexit
0200a7d0 0000010c T __ssprint_r
0200a8dc 00000090 T frexp
0200a96c 000000f4 T _Balloc
0200aa60 00000024 T _Bfree
0200aa84 00000174 T __multadd
0200abf8 00000098 T __hi0bits
0200ac90 0000010c T __lo0bits
0200ad9c 00000108 T __i2b
0200aea4 00000338 T __multiply
0200b1dc 0000019c T __pow5mult
0200b378 0000026c T __lshift
0200b5e4 000000dc T __mcmp
0200b6c0 00000314 T __mdiff
0200b9d4 00000194 T __d2b
0200bb68 0000004c T _localeconv_r
0200bbb4 0000004c T __locale_mb_cur_max
0200bc00 00000010 T _wcsrtombs_r
0200bc10 00000604 T __utf8_mbtowc
0200c214 00000194 T __ssputs_r
0200c3a8 000001e4 T _wcsnrtombs_l
0200c58c 000000d8 T _wcsnrtombs_r
0200c664 00000108 T __utf8_wctomb
0200c76c 0000012c T __register_exitproc
0200c898 00000634 T _realloc_r
0200cecc 000001b8 T memmove
0200d084 00000024 T __assert_func
0200d0a8 00000014 T __libc_lock_acquire
0200d0bc 00000014 T __libc_lock_release
0200d0d0 00000014 T __libc_lock_init_recursive
0200d0e4 00000014 T __malloc_lock
0200d0f8 00000014 T __malloc_unlock
0200d10c 00000384 T __umoddi3
0200d490 00000058 T _restgpr_14_x
0200d494 00000054 T _restgpr_15_x
0200d498 00000050 T _restgpr_16_x
0200d49c 0000004c T _restgpr_17_x
0200d4a0 00000048 T _restgpr_18_x
0200d4a4 00000044 T _restgpr_19_x
0200d4a8 00000040 T _restgpr_20_x
0200d4ac 0000003c T _restgpr_21_x
0200d4b0 00000038 T _restgpr_22_x
0200d4b4 00000034 T _restgpr_23_x
0200d4b8 00000030 T _restgpr_24_x
0200d4bc 0000002c T _restgpr_25_x
0200d4c0 00000028 T _restgpr_26_x
0200d4c4 00000024 T _restgpr_27_x
0200d4c8 00000020 T _restgpr_28_x
0200d4cc 0000001c T _restgpr_29_x
0200d4d0 00000018 T _restgpr_30_x
0200d4d4 00000014 T _restgpr_31_x
0200d4e8 t __do_global_ctors_aux
0200d538 T __fini
10000000 D __SBSS2_END__
10000000 D __SDATA2_START__
10000184 d .LC2
10000260 00000080 d __wut_fsa_devoptab
100002e0 00000042 d CSWTCH.24
10000324 00000080 D dotab_stdnull
100003a4 00000101 D _ctype_
1000064c 00000010 d zeroes.0
1000065c 00000010 d blanks.1
100006c0 0000000c d p05.0
100006d0 00000028 D __mprec_bigtens
100006f8 000000c8 D __mprec_tens
100007c0 d __CTOR_LIST__
100007c8 d __CTOR_END__
100007c8 D __CTOR_END__
100007c8 D __CTOR_LIST__
100007cc d __DTOR_LIST__
100007d0 D __DTOR_END__
100007d0 D __DTOR_LIST__
100007f0 d __EH_FRAME_BEGIN__
100007f0 D __EH_FRAME_BEGIN__
100024e4 D __EH_FRAME_END__
100024e4 d __FRAME_END__
100024e8 00000024 D password
10002510 00000400 d _current_working_directory
10002910 0000008c D devoptab_list
1000299c 00000004 d defaultDevice
100029a0 00000140 D _impure_data
10002ae0 00000408 D __malloc_av_
10002ee8 0000016c D __global_locale
10003054 00000004 D password_len
10003054 D __SDATA_START__
10003058 00000004 D _impure_ptr
1000305c 00000004 D __malloc_sbrk_base
10003060 00000004 D __malloc_trim_threshold
10003070 00000004 B input_index
10003074 00000004 B __wut_exit
10003078 00000004 B __stdio_exit_handler
1000307c 00000004 B __malloc_max_total_mem
10003080 00000004 B __malloc_max_sbrked_mem
10003084 00000004 B __malloc_top_pad
10003088 00000004 B __atexit
1000308c 00000004 B __atexit_recursive_mutex
10003090 b completed.2
10003090 B __SBSS_END__
10003094 b dtor_idx.1
10003098 b object.0
100030b0 00000030 B input_sequence
100030e0 00000010 b sMallocSpinLock
100030f0 00000004 b sHeapSize
100030f4 00000004 b sHeapMaxSize
100030f8 00000004 b sHeapBase
100030fc 00000004 b sHeapHandle
10003100 000003b8 B __wut_fsa_device_data
100034b8 00000004 b sLibcLockUsedMask
100034bc 000002c0 b sLibcLocks
1000377c 00000400 b temp_cwd
10003b80 00000150 B __sf
10003cd0 00000028 B __malloc_current_mallinfo
10003cf8 00000190 B __atexit0
10008000 d _SDA2_BASE_
1000b054 d _SDA_BASE_
c0000058 T FSAAddClient
c0000060 T FSAChangeDir
c0000068 T FSAChangeMode
c0000070 T FSACloseDir
c0000078 T FSACloseFile
c0000080 T FSADelClient
c0000088 T FSAFlushFile
c0000090 T FSAGetDeviceInfo
c0000098 T FSAGetFreeSpaceSize
c00000a0 T FSAGetStat
c00000a8 T FSAGetStatFile
c00000b0 T FSAInit
c00000b8 T FSAMakeDir
c00000c0 T FSAMount
c00000c8 T FSAOpenDir
c00000d0 T FSAOpenFileEx
c00000d8 T FSAReadDir
c00000e0 T FSAReadFile
c00000e8 T FSARemove
c00000f0 T FSARename
c00000f8 T FSARewindDir
c0000100 T FSASetPosFile
c0000108 T FSATruncateFile
c0000110 T FSAUnmount
c0000118 T FSAWriteFile
c0000120 T MEMAllocFromExpHeapEx
c0000128 T MEMFreeToExpHeap
c0000130 T MEMGetAllocatableSizeForExpHeapEx
c0000138 T OSCompareAndSwapAtomicEx
c0000140 T OSFatal
c0000148 T OSGetCurrentThread
c0000150 T OSGetSystemInfo
c0000158 T OSGetThreadSpecific
c0000160 T OSInitMutex
c0000168 T OSInitMutexEx
c0000170 T OSInitSpinLock
c0000178 T OSIsDebuggerInitialized
c0000180 T OSIsDebuggerPresent
c0000188 T OSLaunchTitlel
c0000190 T OSLockMutex
c0000198 T OSScreenClearBufferEx
c00001a0 T OSScreenEnableEx
c00001a8 T OSScreenFlipBuffersEx
c00001b0 T OSScreenGetBufferSizeEx
c00001b8 T OSScreenInit
c00001c0 T OSScreenPutFontEx
c00001c8 T OSScreenSetBufferEx
c00001d0 T OSSetThreadCleanupCallback
c00001d8 T OSSetThreadSpecific
c00001e0 T OSSleepTicks
c00001e8 T OSUninterruptibleSpinLock_Acquire
c00001f0 T OSUninterruptibleSpinLock_Release
c00001f8 T OSUnlockMutex
c0000200 T __os_snprintf
c0000208 T __rplwrap_exit
c0000220 T VPADInit
c0000228 T VPADRead
c0000248 R MEMAllocFromDefaultHeap
c0000250 R MEMAllocFromDefaultHeapEx
c0000258 R MEMFreeToDefaultHeap
